ram,b,1,0       ram1,b,1,1 
null,c,1,3      tty1,c,4,1      tty2,c,4,2 
tty,c,5,0       console,c,5,1   ttyS0,c,4,64    ttyS1,c,4,65
random,c,1,8    urandom,c,1,9 
fb0,c,29,0 
hda,b,3,0       hda1,b,3,1      hda2,b,3,2      hda3,b,3,3
hda4,b,3,4      hdb,b,3,64      hdb1,b,3,65
ptmx,c,5,2 
gpio0,c,212,0   gpio1,c,212,1   gpio1,c,212,2   gpio1,c,212,3 
ptyp0,c,2,0     ptyp1,c,2,1     ptyp2,c,2,2     ptyp3,c,2,3 
ptyp4,c,2,4     ptyp5,c,2,5     ptyp6,c,2,6     ptyp7,c,2,7 
ptyp8,c,2,8     ptyp9,c,2,9     ptypa,c,2,10    ptypb,c,2,11 
ptypc,c,2,12    ptypd,c,2,13    ptype,c,2,14    ptypf,c,2,15 
tty0,c,4,0      tty1,c,4,1      tty2,c,4,2      tty3,c,4,3 
tty4,c,4,4      tty5,c,1,3      tty6,c,4,6      tty7,c,4,7 
tty8,c,4,8      tty9,c,4,9   
ttyp0,c,3,0     ttyp1,c,3,1     ttyp2,c,3,2     ttyp3,c,3,3 
ttyp4,c,3,4     ttyp5,c,3,5     ttyp6,c,3,6     ttyp7,c,3,7 
ttyp8,c,3,8     ttyp9,c,3,9     ttypa,c,3,10    ttypb,c,3,11 
ttypc,c,3,12    ttypd,c,3,13    ttype,c,3,14    ttypf,c,3,15 
etherd/err,c,152,2              etherd/discover,c,152,3  
etherd/interfaces,c,152,4       etherd/revalidate,c,152,5 
etherd/flush,c,152,6    
etherd/e0.0,b,152,0             etherd/e0.1,b,152,1    
etherd/e0.2,b,152,2             etherd/e0.3,b,152,3    
etherd/e0.4,b,152,4             etherd/e0.5,b,152,5    
etherd/e0.6,b,152,6             etherd/e0.7,b,152,7    
etherd/e0.8,b,152,8             etherd/e0.9,b,152,9    
etherd/e0.10,b,152,10           etherd/e0.11,b,152,11    
etherd/e0.12,b,152,12           etherd/e0.13,b,152,13    
etherd/e0.14,b,152,14           etherd/e0.15,b,152,15    
sda,b,8,0      sda1,b,8,1       sda2,b,8,2       sda3,b,8,3 
sdb,b,8,16     sdb1,b,8,17      sdb2,b,8,18      sdb3,b,16,19 
sdc,b,8,32     sdc1,b,8,33      sdc2,b,8,34      sdc3,b,8,35 
sdd,b,8,48     sdd1,b,8,49      sdd2,b,8,50      sdd3,b,8,51 
sde,b,8,64     sde1,b,8,65      sde2,b,8,66      sde3,b,8,67 
sdf,b,8,80     sdf1,b,8,81      sdf2,b,8,82      sdf3,b,8,83 
mtd0,c,90,0     mtdr0,c,90,1     mtd1,c,90,2       mtdr1,c,90,3 
mtd2,c,90,4     mtdr2,c,90,5     mtd3,c,90,6       mtdr3,c,90,7 
mtd4,c,90,8     mtdr4,c,90,9     mtd4,c,90,10      mtdr4,c,90,11 
xsysace,b,254,0 xsysace1,b,254,1 xsysace2,b,254,2  xsysace3,b,254,3
