ram,b,1,0
null,c,1,3
tty,c,5,0
console,c,5,1
ttyS0,c,4,64
ttyS1,c,4,65
ttyS2,c,4,66
ttyS3,c,4,67
ttyUL0,c,204,187
ttyUL1,c,204,188
ttyUL2,c,204,189
ttyUL3,c,204,190
random,c,1,8
urandom,c,1,9
ptmx,c,5,2
tty0,c,4,0
tty1,c,4,1
tty2,c,4,2
tty3,c,4,3
tty4,c,4,4
tty5,c,1,3
tty6,c,4,6
tty7,c,4,7
tty8,c,4,8
tty9,c,4,9
ttyp0,c,3,0
ttyp1,c,3,1
ttyp2,c,3,2
ttyp3,c,3,3
ttyp4,c,3,4
ttyp5,c,3,5
ttyp6,c,3,6
ttyp7,c,3,7
ttyp8,c,3,8
ttyp9,c,3,9
mtd0,c,90,0
mtdr0,c,90,1
mtd1,c,90,2
mtdr1,c,90,3
mtd2,c,90,4
mtdr2,c,90,5
mtd3,c,90,6
mtdr3,c,90,7
mtd4,c,90,8
mtdr4,c,90,9
mtd4,c,90,10
mtdr4,c,90,11

